# JRE version: OpenJDK Runtime Environment Temurin-21.0.10+7 (21.0.10+7) (build 21.0.10+7-LTS)
# Java VM: OpenJDK 64-Bit Server VM Temurin-21.0.10+7 (21.0.10+7-LTS, mixed mode, sharing, tiered, compressed oops, compressed class ptrs, parallel gc, windows-amd64)
GC Precious Log:
 CardTable entry size: 512
 CPUs: 12 total, 12 available
 Memory: 15724M
 Large Page Support: Disabled
 NUMA Support: Disabled
 Compressed Oops: Enabled (32-bit)
 Alignments: Space 512K, Generation 512K, Heap 2M
 Heap Min Capacity: 100M
 Heap Initial Capacity: 100M
 Heap Max Capacity: 2G
 Pre-touch: Disabled
 Parallel Workers: 10
Heap:
 PSYoungGen      total 43520K, used 16525K [0x00000000d5580000, 0x00000000d8600000, 0x0000000100000000)
  eden space 41984K, 36% used [0x00000000d5580000,0x00000000d64582a8,0x00000000d7e80000)
  from space 1536K, 86% used [0x00000000d7f80000,0x00000000d80cb248,0x00000000d8100000)
  to   space 3072K, 0% used [0x00000000d8300000,0x00000000d8300000,0x00000000d8600000)
 ParOldGen       total 672768K, used 326419K [0x0000000080000000, 0x00000000a9100000, 0x00000000d5580000)
  object space 672768K, 48% used [0x0000000080000000,0x0000000093ec4c90,0x00000000a9100000)
 Metaspace       used 73713K, committed 75328K, reserved 1179648K
  class space    used 7362K, committed 8064K, reserved 1048576K
GC Heap History (20 events):
Event: 7847.853 GC heap before
{Heap before GC invocations=984 (full 4):
 PSYoungGen      total 37376K, used 22272K [0x00000000d5580000, 0x00000000d8b80000, 0x0000000100000000)
  eden space 22016K, 100% used [0x00000000d5580000,0x00000000d6b00000,0x00000000d6b00000)
  from space 15360K, 1% used [0x00000000d7480000,0x00000000d74c0000,0x00000000d8380000)
  to   space 4608K, 0% used [0x00000000d8700000,0x00000000d8700000,0x00000000d8b80000)
 ParOldGen       total 672768K, used 254352K [0x0000000080000000, 0x00000000a9100000, 0x00000000d5580000)
  object space 672768K, 37% used [0x0000000080000000,0x000000008f8643f0,0x00000000a9100000)
 Metaspace       used 73470K, committed 75072K, reserved 1179648K
  class space    used 7351K, committed 8064K, reserved 1048576K
}
Event: 7847.868 GC heap after
{Heap after GC invocations=984 (full 4):
 PSYoungGen      total 25088K, used 2923K [0x00000000d5580000, 0x00000000d8a00000, 0x0000000100000000)
  eden space 22016K, 0% used [0x00000000d5580000,0x00000000d5580000,0x00000000d6b00000)
  from space 3072K, 95% used [0x00000000d8700000,0x00000000d89daef0,0x00000000d8a00000)
  to   space 3584K, 0% used [0x00000000d8300000,0x00000000d8300000,0x00000000d8680000)
 ParOldGen       total 672768K, used 254416K [0x0000000080000000, 0x00000000a9100000, 0x00000000d5580000)
  object space 672768K, 37% used [0x0000000080000000,0x000000008f8743f0,0x00000000a9100000)
 Metaspace       used 73470K, committed 75072K, reserved 1179648K
  class space    used 7351K, committed 8064K, reserved 1048576K
}
Event: 7848.427 GC heap before
{Heap before GC invocations=985 (full 4):
 PSYoungGen      total 25088K, used 18220K [0x00000000d5580000, 0x00000000d8a00000, 0x0000000100000000)
  eden space 22016K, 69% used [0x00000000d5580000,0x00000000d6470508,0x00000000d6b00000)
  from space 3072K, 95% used [0x00000000d8700000,0x00000000d89daef0,0x00000000d8a00000)
  to   space 3584K, 0% used [0x00000000d8300000,0x00000000d8300000,0x00000000d8680000)
 ParOldGen       total 672768K, used 254416K [0x0000000080000000, 0x00000000a9100000, 0x00000000d5580000)
  object space 672768K, 37% used [0x0000000080000000,0x000000008f8743f0,0x00000000a9100000)
 Metaspace       used 73511K, committed 75136K, reserved 1179648K
  class space    used 7356K, committed 8064K, reserved 1048576K
}
Event: 7848.441 GC heap after
{Heap after GC invocations=985 (full 4):
 PSYoungGen      total 23040K, used 512K [0x00000000d5580000, 0x00000000d8780000, 0x0000000100000000)
  eden space 22016K, 0% used [0x00000000d5580000,0x00000000d5580000,0x00000000d6b00000)
  from space 1024K, 50% used [0x00000000d8300000,0x00000000d8380020,0x00000000d8400000)
  to   space 1536K, 0% used [0x00000000d8600000,0x00000000d8600000,0x00000000d8780000)
 ParOldGen       total 672768K, used 254536K [0x0000000080000000, 0x00000000a9100000, 0x00000000d5580000)
  object space 672768K, 37% used [0x0000000080000000,0x000000008f8923f0,0x00000000a9100000)
 Metaspace       used 73511K, committed 75136K, reserved 1179648K
  class space    used 7356K, committed 8064K, reserved 1048576K
}
Event: 7848.683 GC heap before
{Heap before GC invocations=986 (full 4):
 PSYoungGen      total 23040K, used 22523K [0x00000000d5580000, 0x00000000d8780000, 0x0000000100000000)
  eden space 22016K, 99% used [0x00000000d5580000,0x00000000d6afeda0,0x00000000d6b00000)
  from space 1024K, 50% used [0x00000000d8300000,0x00000000d8380020,0x00000000d8400000)
  to   space 1536K, 0% used [0x00000000d8600000,0x00000000d8600000,0x00000000d8780000)
 ParOldGen       total 672768K, used 266057K [0x0000000080000000, 0x00000000a9100000, 0x00000000d5580000)
  object space 672768K, 39% used [0x0000000080000000,0x00000000903d2400,0x00000000a9100000)
 Metaspace       used 73511K, committed 75136K, reserved 1179648K
  class space    used 7356K, committed 8064K, reserved 1048576K
}
Event: 7849.060 GC heap after
{Heap after GC invocations=986 (full 4):
 PSYoungGen      total 27648K, used 940K [0x00000000d5580000, 0x00000000d8700000, 0x0000000100000000)
  eden space 26624K, 0% used [0x00000000d5580000,0x00000000d5580000,0x00000000d6f80000)
  from space 1024K, 91% used [0x00000000d8600000,0x00000000d86eb2c0,0x00000000d8700000)
  to   space 1536K, 0% used [0x00000000d8400000,0x00000000d8400000,0x00000000d8580000)
 ParOldGen       total 672768K, used 285665K [0x0000000080000000, 0x00000000a9100000, 0x00000000d5580000)
  object space 672768K, 42% used [0x0000000080000000,0x00000000916f84c0,0x00000000a9100000)
 Metaspace       used 73511K, committed 75136K, reserved 1179648K
  class space    used 7356K, committed 8064K, reserved 1048576K
}
Event: 8027.643 GC heap before
{Heap before GC invocations=987 (full 4):
 PSYoungGen      total 27648K, used 27564K [0x00000000d5580000, 0x00000000d8700000, 0x0000000100000000)
  eden space 26624K, 100% used [0x00000000d5580000,0x00000000d6f80000,0x00000000d6f80000)
  from space 1024K, 91% used [0x00000000d8600000,0x00000000d86eb2c0,0x00000000d8700000)
  to   space 1536K, 0% used [0x00000000d8400000,0x00000000d8400000,0x00000000d8580000)
 ParOldGen       total 672768K, used 285665K [0x0000000080000000, 0x00000000a9100000, 0x00000000d5580000)
  object space 672768K, 42% used [0x0000000080000000,0x00000000916f84c0,0x00000000a9100000)
 Metaspace       used 73555K, committed 75136K, reserved 1179648K
  class space    used 7356K, committed 8064K, reserved 1048576K
}
Event: 8027.653 GC heap after
{Heap after GC invocations=987 (full 4):
 PSYoungGen      total 27648K, used 1519K [0x00000000d5580000, 0x00000000d8680000, 0x0000000100000000)
  eden space 26112K, 0% used [0x00000000d5580000,0x00000000d5580000,0x00000000d6f00000)
  from space 1536K, 98% used [0x00000000d8400000,0x00000000d857be60,0x00000000d8580000)
  to   space 1024K, 0% used [0x00000000d8580000,0x00000000d8580000,0x00000000d8680000)
 ParOldGen       total 672768K, used 285721K [0x0000000080000000, 0x00000000a9100000, 0x00000000d5580000)
  object space 672768K, 42% used [0x0000000080000000,0x00000000917064c0,0x00000000a9100000)
 Metaspace       used 73555K, committed 75136K, reserved 1179648K
  class space    used 7356K, committed 8064K, reserved 1048576K
}
Event: 8027.910 GC heap before
{Heap before GC invocations=988 (full 4):
 PSYoungGen      total 27648K, used 25744K [0x00000000d5580000, 0x00000000d8680000, 0x0000000100000000)
  eden space 26112K, 92% used [0x00000000d5580000,0x00000000d6d284f8,0x00000000d6f00000)
  from space 1536K, 98% used [0x00000000d8400000,0x00000000d857be60,0x00000000d8580000)
  to   space 1024K, 0% used [0x00000000d8580000,0x00000000d8580000,0x00000000d8680000)
 ParOldGen       total 672768K, used 285721K [0x0000000080000000, 0x00000000a9100000, 0x00000000d5580000)
  object space 672768K, 42% used [0x0000000080000000,0x00000000917064c0,0x00000000a9100000)
 Metaspace       used 73569K, committed 75200K, reserved 1179648K
  class space    used 7356K, committed 8064K, reserved 1048576K
}
Event: 8027.920 GC heap after
{Heap after GC invocations=988 (full 4):
 PSYoungGen      total 26624K, used 848K [0x00000000d5580000, 0x00000000d8680000, 0x0000000100000000)
  eden space 25600K, 0% used [0x00000000d5580000,0x00000000d5580000,0x00000000d6e80000)
  from space 1024K, 82% used [0x00000000d8580000,0x00000000d8654050,0x00000000d8680000)
  to   space 1536K, 0% used [0x00000000d8380000,0x00000000d8380000,0x00000000d8500000)
 ParOldGen       total 672768K, used 285992K [0x0000000080000000, 0x00000000a9100000, 0x00000000d5580000)
  object space 672768K, 42% used [0x0000000080000000,0x000000009174a0e8,0x00000000a9100000)
 Metaspace       used 73569K, committed 75200K, reserved 1179648K
  class space    used 7356K, committed 8064K, reserved 1048576K
}
Event: 8027.922 GC heap before
{Heap before GC invocations=989 (full 4):
 PSYoungGen      total 26624K, used 20145K [0x00000000d5580000, 0x00000000d8680000, 0x0000000100000000)
  eden space 25600K, 75% used [0x00000000d5580000,0x00000000d6858790,0x00000000d6e80000)
  from space 1024K, 82% used [0x00000000d8580000,0x00000000d8654050,0x00000000d8680000)
  to   space 1536K, 0% used [0x00000000d8380000,0x00000000d8380000,0x00000000d8500000)
 ParOldGen       total 672768K, used 285992K [0x0000000080000000, 0x00000000a9100000, 0x00000000d5580000)
  object space 672768K, 42% used [0x0000000080000000,0x000000009174a0e8,0x00000000a9100000)
 Metaspace       used 73576K, committed 75200K, reserved 1179648K
  class space    used 7356K, committed 8064K, reserved 1048576K
}
Event: 8027.976 GC heap after
{Heap after GC invocations=989 (full 4):
 PSYoungGen      total 32256K, used 32K [0x00000000d5580000, 0x00000000d8600000, 0x0000000100000000)
  eden space 30720K, 0% used [0x00000000d5580000,0x00000000d5580000,0x00000000d7380000)
  from space 1536K, 2% used [0x00000000d8380000,0x00000000d8388000,0x00000000d8500000)
  to   space 512K, 0% used [0x00000000d8580000,0x00000000d8580000,0x00000000d8600000)
 ParOldGen       total 672768K, used 305836K [0x0000000080000000, 0x00000000a9100000, 0x00000000d5580000)
  object space 672768K, 45% used [0x0000000080000000,0x0000000092aab198,0x00000000a9100000)
 Metaspace       used 73576K, committed 75200K, reserved 1179648K
  class space    used 7356K, committed 8064K, reserved 1048576K
}
Event: 8132.569 GC heap before
{Heap before GC invocations=990 (full 4):
 PSYoungGen      total 32256K, used 29902K [0x00000000d5580000, 0x00000000d8600000, 0x0000000100000000)
  eden space 30720K, 97% used [0x00000000d5580000,0x00000000d72ab8c0,0x00000000d7380000)
  from space 1536K, 2% used [0x00000000d8380000,0x00000000d8388000,0x00000000d8500000)
  to   space 512K, 0% used [0x00000000d8580000,0x00000000d8580000,0x00000000d8600000)
 ParOldGen       total 672768K, used 305836K [0x0000000080000000, 0x00000000a9100000, 0x00000000d5580000)
  object space 672768K, 45% used [0x0000000080000000,0x0000000092aab198,0x00000000a9100000)
 Metaspace       used 73605K, committed 75200K, reserved 1179648K
  class space    used 7356K, committed 8064K, reserved 1048576K
}
Event: 8132.574 GC heap after
{Heap after GC invocations=990 (full 4):
 PSYoungGen      total 37376K, used 384K [0x00000000d5580000, 0x00000000d8600000, 0x0000000100000000)
  eden space 36864K, 0% used [0x00000000d5580000,0x00000000d5580000,0x00000000d7980000)
  from space 512K, 75% used [0x00000000d8580000,0x00000000d85e0000,0x00000000d8600000)
  to   space 512K, 0% used [0x00000000d8500000,0x00000000d8500000,0x00000000d8580000)
 ParOldGen       total 672768K, used 313524K [0x0000000080000000, 0x00000000a9100000, 0x00000000d5580000)
  object space 672768K, 46% used [0x0000000080000000,0x000000009322d1a8,0x00000000a9100000)
 Metaspace       used 73605K, committed 75200K, reserved 1179648K
  class space    used 7356K, committed 8064K, reserved 1048576K
}
Event: 8754.422 GC heap before
{Heap before GC invocations=991 (full 4):
 PSYoungGen      total 37376K, used 37248K [0x00000000d5580000, 0x00000000d8600000, 0x0000000100000000)
  eden space 36864K, 100% used [0x00000000d5580000,0x00000000d7980000,0x00000000d7980000)
  from space 512K, 75% used [0x00000000d8580000,0x00000000d85e0000,0x00000000d8600000)
  to   space 512K, 0% used [0x00000000d8500000,0x00000000d8500000,0x00000000d8580000)
 ParOldGen       total 672768K, used 313524K [0x0000000080000000, 0x00000000a9100000, 0x00000000d5580000)
  object space 672768K, 46% used [0x0000000080000000,0x000000009322d1a8,0x00000000a9100000)
 Metaspace       used 73633K, committed 75264K, reserved 1179648K
  class space    used 7357K, committed 8064K, reserved 1048576K
}
Event: 8754.671 GC heap after
{Heap after GC invocations=991 (full 4):
 PSYoungGen      total 36352K, used 512K [0x00000000d5580000, 0x00000000d8b80000, 0x0000000100000000)
  eden space 35840K, 0% used [0x00000000d5580000,0x00000000d5580000,0x00000000d7880000)
  from space 512K, 100% used [0x00000000d8500000,0x00000000d8580000,0x00000000d8580000)
  to   space 6144K, 0% used [0x00000000d8580000,0x00000000d8580000,0x00000000d8b80000)
 ParOldGen       total 672768K, used 321279K [0x0000000080000000, 0x00000000a9100000, 0x00000000d5580000)
  object space 672768K, 47% used [0x0000000080000000,0x00000000939bfdd8,0x00000000a9100000)
 Metaspace       used 73633K, committed 75264K, reserved 1179648K
  class space    used 7357K, committed 8064K, reserved 1048576K
}
Event: 8755.379 GC heap before
{Heap before GC invocations=992 (full 4):
 PSYoungGen      total 36352K, used 31254K [0x00000000d5580000, 0x00000000d8b80000, 0x0000000100000000)
  eden space 35840K, 85% used [0x00000000d5580000,0x00000000d73858a8,0x00000000d7880000)
  from space 512K, 100% used [0x00000000d8500000,0x00000000d8580000,0x00000000d8580000)
  to   space 6144K, 0% used [0x00000000d8580000,0x00000000d8580000,0x00000000d8b80000)
 ParOldGen       total 672768K, used 321279K [0x0000000080000000, 0x00000000a9100000, 0x00000000d5580000)
  object space 672768K, 47% used [0x0000000080000000,0x00000000939bfdd8,0x00000000a9100000)
 Metaspace       used 73635K, committed 75264K, reserved 1179648K
  class space    used 7357K, committed 8064K, reserved 1048576K
}
Event: 8755.683 GC heap after
{Heap after GC invocations=992 (full 4):
 PSYoungGen      total 49152K, used 4912K [0x00000000d5580000, 0x00000000d8b80000, 0x0000000100000000)
  eden space 43008K, 0% used [0x00000000d5580000,0x00000000d5580000,0x00000000d7f80000)
  from space 6144K, 79% used [0x00000000d8580000,0x00000000d8a4c030,0x00000000d8b80000)
  to   space 6144K, 0% used [0x00000000d7f80000,0x00000000d7f80000,0x00000000d8580000)
 ParOldGen       total 672768K, used 321766K [0x0000000080000000, 0x00000000a9100000, 0x00000000d5580000)
  object space 672768K, 47% used [0x0000000080000000,0x0000000093a39930,0x00000000a9100000)
 Metaspace       used 73635K, committed 75264K, reserved 1179648K
  class space    used 7357K, committed 8064K, reserved 1048576K
}
Event: 8757.825 GC heap before
{Heap before GC invocations=993 (full 4):
 PSYoungGen      total 49152K, used 47920K [0x00000000d5580000, 0x00000000d8b80000, 0x0000000100000000)
  eden space 43008K, 100% used [0x00000000d5580000,0x00000000d7f80000,0x00000000d7f80000)
  from space 6144K, 79% used [0x00000000d8580000,0x00000000d8a4c030,0x00000000d8b80000)
  to   space 6144K, 0% used [0x00000000d7f80000,0x00000000d7f80000,0x00000000d8580000)
 ParOldGen       total 672768K, used 321766K [0x0000000080000000, 0x00000000a9100000, 0x00000000d5580000)
  object space 672768K, 47% used [0x0000000080000000,0x0000000093a39930,0x00000000a9100000)
 Metaspace       used 73640K, committed 75264K, reserved 1179648K
  class space    used 7357K, committed 8064K, reserved 1048576K
}
Event: 8758.138 GC heap after
{Heap after GC invocations=993 (full 4):
 PSYoungGen      total 43520K, used 1324K [0x00000000d5580000, 0x00000000d8600000, 0x0000000100000000)
  eden space 41984K, 0% used [0x00000000d5580000,0x00000000d5580000,0x00000000d7e80000)
  from space 1536K, 86% used [0x00000000d7f80000,0x00000000d80cb248,0x00000000d8100000)
  to   space 3072K, 0% used [0x00000000d8300000,0x00000000d8300000,0x00000000d8600000)
 ParOldGen       total 672768K, used 326419K [0x0000000080000000, 0x00000000a9100000, 0x00000000d5580000)
  object space 672768K, 48% used [0x0000000080000000,0x0000000093ec4c90,0x00000000a9100000)
 Metaspace       used 73640K, committed 75264K, reserved 1179648K
  class space    used 7357K, committed 8064K, reserved 1048576K
}

